[marisolmirandelaanes.quest/index.html]
[stackpath.bootstrapcdn.com/bootstrap/4.1.3/css/bootstrap.min.css]
[backblue.gif]
[fade.gif]
[index.html]
[marisolmirandelaanes.quest/assets/css/com.css]
[connect.facebook.net/en_US/fbevents.js]
[ajax.googleapis.com/ajax/libs/jquery/3.5.1/jquery.min.js]
[marisolmirandelaanes.quest/assets/img/branca.webp]
[images.converteai.net/60ab1fa6-578e-480b-87e8-9a54de116ac5/players/6339de5f7285e40009a2864d/thumbnail.jpg]
[scripts.converteai.net/60ab1fa6-578e-480b-87e8-9a54de116ac5/players/6339de5f7285e40009a2864d/player.js]
[marisolmirandelaanes.quest/termos.html]
[marisolmirandelaanes.quest/privacidade.html]
[code.jquery.com/jquery-3.3.1.slim.min.js]
[cdnjs.cloudflare.com/ajax/libs/popper.js/1.14.3/umd/popper.min.js]
[stackpath.bootstrapcdn.com/bootstrap/4.1.3/js/bootstrap.min.js]
[marisolmirandelaanes.quest/assets/js/com.js]
[marisolmirandelaanes.quest/e]
[marisolmirandelaanes.quest/index.html]
[stackpath.bootstrapcdn.com/bootstrap/4.1.3/css/bootstrap.min.css]
[marisolmirandelaanes.quest/assets/css/com.css]
[marisolmirandelaanes.quest/c]
[marisolmirandelaanes.quest/b]
[marisolmirandelaanes.quest/POST]
[connect.facebook.net/en_US/fbevents.js]
[marisolmirandelaanes.quest/assets/img/favicon.png]
[marisolmirandelaanes.quest/termos.html]
[marisolmirandelaanes.quest/privacidade.html]
[marisolmirandelaanes.quest/e.html]
[marisolmirandelaanes.quest/c.html]
[marisolmirandelaanes.quest/b.html]
[marisolmirandelaanes.quest/POST.html]
[marisolmirandelaanes.quest/assets/img/favicon.html]
[cloudcode.site/likes.png]
